Diagnose log at 2022-05-25T23:01:32Z

Executable: C:\Program Files\Git\mingw64\bin\git-credential-manager-core.exe
Version: 2.0.696+4365b917da

------------
Diagnostic: Environment
Skipped: False
Success: True
Exception: None
Log:
OSType: Windows
OSVersion: 10.0 (build 19043)
Reading environment variables... OK
 Variables:
HOMEPATH=\Users\GE
DriverData=C:\Windows\System32\Drivers\DriverData
COMPUTERNAME=DESKTOP-NBM6BSU
MSYSTEM=MINGW64
CommonProgramFiles(x86)=C:\Program Files (x86)\Common Files
OneDrive=C:\Users\GE\OneDrive
ProgramFiles(x86)=C:\Program Files (x86)
LANG=es_ES.UTF-8
CONFIG_SITE=C:/Program Files/Git/etc/config.site
PROCESSOR_REVISION=8e0c
USERDOMAIN=DESKTOP-NBM6BSU
PATHEXT=.COM;.EXE;.BAT;.CMD;.VBS;.VBE;.JS;.JSE;.WSF;.WSH;.MSC
ORIGINAL_TEMP=C:/Users/GE/AppData/Local/Temp
USERNAME=GE
MINGW_PREFIX=C:/Program Files/Git/mingw64
GIT_EXEC_PATH=C:/Program Files/Git/mingw64/libexec/git-core
ACLOCAL_PATH=C:\Program Files\Git\mingw64\share\aclocal;C:\Program Files\Git\usr\share\aclocal
TEMP=C:\Users\GE\AppData\Local\Temp
LOCALAPPDATA=C:\Users\GE\AppData\Local
MANPATH=C:\Program Files\Git\mingw64\local\man;C:\Program Files\Git\mingw64\share\man;C:\Program Files\Git\usr\local\man;C:\Program Files\Git\usr\share\man;C:\Program Files\Git\usr\man;C:\Program Files\Git\share\man
TERM=xterm-256color
PROCESSOR_IDENTIFIER=Intel64 Family 6 Model 142 Stepping 12, GenuineIntel
MSYSTEM_CARCH=x86_64
PROGRAMFILES=C:\Program Files (x86)
ProgramData=C:\ProgramData
TERM_PROGRAM_VERSION=1.67.2
ORIGINAL_TMP=C:/Users/GE/AppData/Local/Temp
SYSTEMROOT=C:\Windows
TERM_PROGRAM=vscode
PROCESSOR_LEVEL=6
NUMBER_OF_PROCESSORS=8
SSH_ASKPASS=C:/Program Files/Git/mingw64/bin/git-askpass.exe
SHLVL=1
APPDATA=C:\Users\GE\AppData\Roaming
SYSTEMDRIVE=C:
VSCODE_GIT_ASKPASS_MAIN=c:\Users\GE\AppData\Local\Programs\Microsoft VS Code\resources\app\extensions\git\dist\askpass-main.js
PSModulePath=C:\Program Files\WindowsPowerShell\Modules;C:\Windows\system32\WindowsPowerShell\v1.0\Modules
INFOPATH=C:\Program Files\Git\usr\local\info;C:\Program Files\Git\usr\share\info;C:\Program Files\Git\usr\info;C:\Program Files\Git\share\info
VSCODE_GIT_IPC_HANDLE=\\.\pipe\vscode-git-b9bd217885-sock
FPS_BROWSER_USER_PROFILE_STRING=Default
PKG_CONFIG_PATH=C:\Program Files\Git\mingw64\lib\pkgconfig;C:\Program Files\Git\mingw64\share\pkgconfig
MSYSTEM_CHOST=x86_64-w64-mingw32
CHROME_CRASHPAD_PIPE_NAME=\\.\pipe\crashpad_10716_ONPXFZEDYQKXOSNR
PLINK_PROTOCOL=ssh
COLORTERM=truecolor
ProgramW6432=C:\Program Files
PATH=C:/Program Files/Git/mingw64/libexec/git-core;C:\Users\GE\bin;C:\Program Files\Git\mingw64\bin;C:\Program Files\Git\usr\local\bin;C:\Program Files\Git\usr\bin;C:\Program Files\Git\usr\bin;C:\Program Files\Git\mingw64\bin;C:\Program Files\Git\usr\bin;C:\Users\GE\bin;C:\Windows\system32;C:\Windows;C:\Windows\System32\Wbem;C:\Windows\System32\WindowsPowerShell\v1.0;C:\Windows\System32\OpenSSH;C:\Program Files\Git\cmd;C:\Users\GE\AppData\Local\Microsoft\WindowsApps;C:\Users\GE\AppData\Local\Programs\Microsoft VS Code\bin;C:\Program Files\Git\usr\bin\vendor_perl;C:\Program Files\Git\usr\bin\core_perl
MINGW_CHOST=x86_64-w64-mingw32
FPS_BROWSER_APP_PROFILE_STRING=Internet Explorer
VSCODE_GIT_ASKPASS_NODE=C:\Users\GE\AppData\Local\Programs\Microsoft VS Code\Code.exe
TMPDIR=C:\Users\GE\AppData\Local\Temp
TMP=C:\Users\GE\AppData\Local\Temp
ORIGINAL_XDG_CURRENT_DESKTOP=undefined
PUBLIC=C:\Users\Public
SHELL=C:\Program Files\Git\usr\bin\bash.exe
HOME=C:\Users\GE
VSCODE_GIT_ASKPASS_EXTRA_ARGS=--ms-enable-electron-run-as-node
COMSPEC=C:\Windows\system32\cmd.exe
LOGONSERVER=\\DESKTOP-NBM6BSU
USERPROFILE=C:\Users\GE
DISPLAY=needs-to-be-defined
COMMONPROGRAMFILES=C:\Program Files (x86)\Common Files
WINDIR=C:\Windows
_=C:/Program Files/Git/mingw64/bin/git
USERDOMAIN_ROAMINGPROFILE=DESKTOP-NBM6BSU
CommonProgramW6432=C:\Program Files\Common Files
HOMEDRIVE=C:
MSYSTEM_PREFIX=C:/Program Files/Git/mingw64
OLDPWD=C:/Users/GE/Desktop/Coderhouse/Curso 1 - Comsion 37260/Entregables
MINGW_PACKAGE_PREFIX=mingw-w64-x86_64
SESSIONNAME=Console
PWD=C:/Users/GE/Desktop/Coderhouse/Curso 1 - Comsion 37260/Entregables/Entregable_1_24-05-2022_copia
EXEPATH=C:\Program Files\Git\bin
HOSTNAME=DESKTOP-NBM6BSU
PROCESSOR_ARCHITEW6432=AMD64
ORIGINAL_PATH=C:\Program Files\Git\mingw64\bin;C:\Program Files\Git\usr\bin;C:\Users\GE\bin;C:\Windows\system32;C:\Windows;C:\Windows\System32\Wbem;C:\Windows\System32\WindowsPowerShell\v1.0;C:\Windows\System32\OpenSSH;C:\Program Files\Git\cmd;C:\Users\GE\AppData\Local\Microsoft\WindowsApps;C:\Users\GE\AppData\Local\Programs\Microsoft VS Code\bin
PROCESSOR_ARCHITECTURE=x86
PS1=\[\033]0;$TITLEPREFIX:$PWD\007\]\n\[\033[32m\]\u@\h \[\033[35m\]$MSYSTEM \[\033[33m\]\w\[\033[36m\]`__git_ps1`\[\033[0m\]\n$ 
OS=Windows_NT
GIT_ASKPASS=c:\Users\GE\AppData\Local\Programs\Microsoft VS Code\resources\app\extensions\git\dist\askpass.sh
ALLUSERSPROFILE=C:\ProgramData


------------
Diagnostic: File system
Skipped: False
Success: True
Exception: None
Log:
Temporary directory is 'C:\Users\GE\AppData\Local\Temp\'...
Checking basic file I/O...
Writing to temporary file 'C:\Users\GE\AppData\Local\Temp\49ac462d8ae32df9c723c0cd'... OK
Reading from temporary file 'C:\Users\GE\AppData\Local\Temp\49ac462d8ae32df9c723c0cd'... OK
Deleting temporary file 'C:\Users\GE\AppData\Local\Temp\49ac462d8ae32df9c723c0cd'... OK
Testing IFileSystem instance...
UserHomePath: C:\Users\GE
UserDataDirectoryPath: C:\Users\GE\.gcm
GetCurrentDirectory(): C:\Users\GE\Desktop\Coderhouse\Curso 1 - Comsion 37260\Entregables\Entregable_1_24-05-2022_copia

------------
Diagnostic: Networking
Skipped: False
Success: True
Exception: None
Log:
Checking basic networking and HTTP stack...
Creating HTTP client... OK
IsNetworkAvailable: True
Sending HEAD request to http://example.com... OK
Sending HEAD request to https://example.com... OK
Acquiring free TCP port... OK
Testing local HTTP loopback connections...
Creating new HTTP listener for http://localhost:49859/... OK
Waiting for loopback connection... OK
Writing response... OK
Waiting for response data... OK
Loopback connection data OK
Testing with IHttpClientFactory created HTTP client...
Creating HTTP client... OK
IsNetworkAvailable: True
Sending HEAD request to http://example.com... OK
Sending HEAD request to https://example.com... OK
Acquiring free TCP port... OK
Testing local HTTP loopback connections...
Creating new HTTP listener for http://localhost:49861/... OK
Waiting for loopback connection... OK
Writing response... OK
Waiting for response data... OK
Loopback connection data OK

------------
Diagnostic: Git
Skipped: False
Success: True
Exception: None
Log:
Getting Git version... OK
Git version is '2.36.1.windows.1'
Locating current repository... OK
Git repository at 'C:/Users/GE/Desktop/Coderhouse/Curso 1 - Comsion 37260/Entregables/Entregable_1_24-05-2022_copia/.git'
Listing all Git configuration... OK
Git configuration:
file:C:/Program Files/Git/etc/gitconfig	diff.astextplain.textconv=astextplain
file:C:/Program Files/Git/etc/gitconfig	filter.lfs.clean=git-lfs clean -- %f
file:C:/Program Files/Git/etc/gitconfig	filter.lfs.smudge=git-lfs smudge -- %f
file:C:/Program Files/Git/etc/gitconfig	filter.lfs.process=git-lfs filter-process
file:C:/Program Files/Git/etc/gitconfig	filter.lfs.required=true
file:C:/Program Files/Git/etc/gitconfig	http.sslbackend=openssl
file:C:/Program Files/Git/etc/gitconfig	http.sslcainfo=C:/Program Files/Git/mingw64/ssl/certs/ca-bundle.crt
file:C:/Program Files/Git/etc/gitconfig	core.autocrlf=true
file:C:/Program Files/Git/etc/gitconfig	core.fscache=true
file:C:/Program Files/Git/etc/gitconfig	core.symlinks=false
file:C:/Program Files/Git/etc/gitconfig	pull.rebase=false
file:C:/Program Files/Git/etc/gitconfig	credential.helper=manager-core
file:C:/Program Files/Git/etc/gitconfig	credential.https://dev.azure.com.usehttppath=true
file:C:/Program Files/Git/etc/gitconfig	init.defaultbranch=master
file:C:/Users/GE/.gitconfig	core.editor="C:\Users\GE\AppData\Local\Programs\Microsoft VS Code\bin\code" --wait
file:C:/Users/GE/.gitconfig	user.name=gespagnol
file:C:/Users/GE/.gitconfig	user.email=data@nsnstudio.com
file:C:/Users/GE/.gitconfig	user.password=k8@m@hRu3Y4bjaF
file:.git/config	core.repositoryformatversion=0
file:.git/config	core.filemode=false
file:.git/config	core.bare=false
file:.git/config	core.logallrefupdates=true
file:.git/config	core.symlinks=false
file:.git/config	core.ignorecase=true
file:.git/config	remote.origin.url=https://github.com/gespagnol/rep_coder.
file:.git/config	remote.origin.fetch=+refs/heads/*:refs/remotes/origin/*


------------
Diagnostic: Credential storage
Skipped: False
Success: True
Exception: None
Log:
ICredentialStore instance is of type: CredentialStore
Writing test credential... OK
Reading test credential... OK
Deleting test credential... OK

------------
Diagnostic: Microsoft authentication (AAD/MSA)
Skipped: False
Success: True
Exception: None
Log:
Broker not supported.
Flow type is: Auto
Gathering MSAL token cache data... OK
CacheDirectory: C:\Users\GE\AppData\Local\.IdentityService
CacheFileName: msal.cache
CacheFilePath: C:\Users\GE\AppData\Local\.IdentityService\msal.cache
Creating cache helper... OK
Verifying MSAL token cache persistence... OK

------------
Diagnostic: GitHub API
Skipped: False
Success: True
Exception: None
Log:
Using 'https://github.com/' as API target.
Querying '/meta' endpoint... OK

